2023-08-09 21:15:35.648 [%PARSER_ERROR[Thread]] INFO  i.g.bonigarcia.wdm.WebDriverManager - Using chromedriver 114.0.5735.90 (resolved driver for Chrome 114)
2023-08-09 21:15:35.722 [%PARSER_ERROR[Thread]] INFO  i.g.bonigarcia.wdm.WebDriverManager - Exporting webdriver.chrome.driver as C:\Users\Francisca Valenzuela\.cache\selenium\chromedriver\win32\114.0.5735.90\chromedriver.exe
2023-08-09 21:17:09.154 [%PARSER_ERROR[Thread]] INFO  i.g.bonigarcia.wdm.WebDriverManager - Using chromedriver 114.0.5735.90 (resolved driver for Chrome 114)
2023-08-09 21:17:09.170 [%PARSER_ERROR[Thread]] INFO  i.g.bonigarcia.wdm.WebDriverManager - Exporting webdriver.chrome.driver as C:\Users\Francisca Valenzuela\.cache\selenium\chromedriver\win32\114.0.5735.90\chromedriver.exe
2023-08-09 21:19:47.907 [%PARSER_ERROR[Thread]] INFO  i.g.bonigarcia.wdm.WebDriverManager - Using chromedriver 114.0.5735.90 (resolved driver for Chrome 114)
2023-08-09 21:19:47.924 [%PARSER_ERROR[Thread]] INFO  i.g.bonigarcia.wdm.WebDriverManager - Exporting webdriver.chrome.driver as C:\Users\Francisca Valenzuela\.cache\selenium\chromedriver\win32\114.0.5735.90\chromedriver.exe
2023-08-09 21:22:37.607 [%PARSER_ERROR[Thread]] INFO  i.g.bonigarcia.wdm.WebDriverManager - Using chromedriver 114.0.5735.90 (resolved driver for Chrome 114)
2023-08-09 21:22:37.694 [%PARSER_ERROR[Thread]] INFO  i.g.bonigarcia.wdm.WebDriverManager - Exporting webdriver.chrome.driver as C:\Users\Francisca Valenzuela\.cache\selenium\chromedriver\win32\114.0.5735.90\chromedriver.exe
2023-08-09 21:41:05.003 [%PARSER_ERROR[Thread]] INFO  i.g.bonigarcia.wdm.WebDriverManager - Using chromedriver 114.0.5735.90 (resolved driver for Chrome 114)
2023-08-09 21:41:05.023 [%PARSER_ERROR[Thread]] INFO  i.g.bonigarcia.wdm.WebDriverManager - Exporting webdriver.chrome.driver as C:\Users\Francisca Valenzuela\.cache\selenium\chromedriver\win32\114.0.5735.90\chromedriver.exe
2023-08-09 21:46:58.728 [%PARSER_ERROR[Thread]] INFO  i.g.bonigarcia.wdm.WebDriverManager - Using chromedriver 114.0.5735.90 (resolved driver for Chrome 114)
2023-08-09 21:46:58.746 [%PARSER_ERROR[Thread]] INFO  i.g.bonigarcia.wdm.WebDriverManager - Exporting webdriver.chrome.driver as C:\Users\Francisca Valenzuela\.cache\selenium\chromedriver\win32\114.0.5735.90\chromedriver.exe
2023-08-09 21:51:26.946 [%PARSER_ERROR[Thread]] INFO  i.g.bonigarcia.wdm.WebDriverManager - Using chromedriver 114.0.5735.90 (resolved driver for Chrome 114)
2023-08-09 21:51:26.967 [%PARSER_ERROR[Thread]] INFO  i.g.bonigarcia.wdm.WebDriverManager - Exporting webdriver.chrome.driver as C:\Users\Francisca Valenzuela\.cache\selenium\chromedriver\win32\114.0.5735.90\chromedriver.exe
2023-08-09 22:04:10.881 [%PARSER_ERROR[Thread]] INFO  i.g.bonigarcia.wdm.WebDriverManager - Using chromedriver 114.0.5735.90 (resolved driver for Chrome 114)
2023-08-09 22:04:10.898 [%PARSER_ERROR[Thread]] INFO  i.g.bonigarcia.wdm.WebDriverManager - Exporting webdriver.chrome.driver as C:\Users\Francisca Valenzuela\.cache\selenium\chromedriver\win32\114.0.5735.90\chromedriver.exe
2023-08-09 22:06:39.453 [%PARSER_ERROR[Thread]] INFO  i.g.bonigarcia.wdm.WebDriverManager - Using chromedriver 114.0.5735.90 (resolved driver for Chrome 114)
2023-08-09 22:06:39.471 [%PARSER_ERROR[Thread]] INFO  i.g.bonigarcia.wdm.WebDriverManager - Exporting webdriver.chrome.driver as C:\Users\Francisca Valenzuela\.cache\selenium\chromedriver\win32\114.0.5735.90\chromedriver.exe
2023-08-09 22:22:03.404 [%PARSER_ERROR[Thread]] INFO  i.g.bonigarcia.wdm.WebDriverManager - Using chromedriver 114.0.5735.90 (resolved driver for Chrome 114)
2023-08-09 22:22:03.444 [%PARSER_ERROR[Thread]] INFO  i.g.bonigarcia.wdm.WebDriverManager - Exporting webdriver.chrome.driver as C:\Users\Francisca Valenzuela\.cache\selenium\chromedriver\win32\114.0.5735.90\chromedriver.exe
2023-08-09 22:26:04.252 [%PARSER_ERROR[Thread]] INFO  i.g.bonigarcia.wdm.WebDriverManager - Using chromedriver 114.0.5735.90 (resolved driver for Chrome 114)
2023-08-09 22:26:04.274 [%PARSER_ERROR[Thread]] INFO  i.g.bonigarcia.wdm.WebDriverManager - Exporting webdriver.chrome.driver as C:\Users\Francisca Valenzuela\.cache\selenium\chromedriver\win32\114.0.5735.90\chromedriver.exe
2023-08-10 21:30:25.761 [%PARSER_ERROR[Thread]] INFO  i.g.bonigarcia.wdm.WebDriverManager - Using chromedriver 114.0.5735.90 (resolved driver for Chrome 114)
2023-08-10 21:30:25.774 [%PARSER_ERROR[Thread]] INFO  i.g.bonigarcia.wdm.WebDriverManager - Exporting webdriver.chrome.driver as C:\Users\Francisca Valenzuela\.cache\selenium\chromedriver\win32\114.0.5735.90\chromedriver.exe
2023-08-10 21:33:48.103 [%PARSER_ERROR[Thread]] INFO  i.g.bonigarcia.wdm.WebDriverManager - Using chromedriver 114.0.5735.90 (resolved driver for Chrome 114)
2023-08-10 21:33:48.117 [%PARSER_ERROR[Thread]] INFO  i.g.bonigarcia.wdm.WebDriverManager - Exporting webdriver.chrome.driver as C:\Users\Francisca Valenzuela\.cache\selenium\chromedriver\win32\114.0.5735.90\chromedriver.exe
2023-08-10 21:42:12.649 [%PARSER_ERROR[Thread]] INFO  i.g.bonigarcia.wdm.WebDriverManager - Using chromedriver 114.0.5735.90 (resolved driver for Chrome 114)
2023-08-10 21:42:12.661 [%PARSER_ERROR[Thread]] INFO  i.g.bonigarcia.wdm.WebDriverManager - Exporting webdriver.chrome.driver as C:\Users\Francisca Valenzuela\.cache\selenium\chromedriver\win32\114.0.5735.90\chromedriver.exe
2023-08-10 21:46:11.253 [%PARSER_ERROR[Thread]] INFO  i.g.bonigarcia.wdm.WebDriverManager - Using chromedriver 114.0.5735.90 (resolved driver for Chrome 114)
2023-08-10 21:46:11.263 [%PARSER_ERROR[Thread]] INFO  i.g.bonigarcia.wdm.WebDriverManager - Exporting webdriver.chrome.driver as C:\Users\Francisca Valenzuela\.cache\selenium\chromedriver\win32\114.0.5735.90\chromedriver.exe
2023-08-10 21:47:24.068 [%PARSER_ERROR[Thread]] INFO  i.g.bonigarcia.wdm.WebDriverManager - Using chromedriver 114.0.5735.90 (resolved driver for Chrome 114)
2023-08-10 21:47:24.082 [%PARSER_ERROR[Thread]] INFO  i.g.bonigarcia.wdm.WebDriverManager - Exporting webdriver.chrome.driver as C:\Users\Francisca Valenzuela\.cache\selenium\chromedriver\win32\114.0.5735.90\chromedriver.exe
2023-08-10 21:51:03.997 [%PARSER_ERROR[Thread]] INFO  i.g.bonigarcia.wdm.WebDriverManager - Using chromedriver 114.0.5735.90 (resolved driver for Chrome 114)
2023-08-10 21:51:04.008 [%PARSER_ERROR[Thread]] INFO  i.g.bonigarcia.wdm.WebDriverManager - Exporting webdriver.chrome.driver as C:\Users\Francisca Valenzuela\.cache\selenium\chromedriver\win32\114.0.5735.90\chromedriver.exe
2023-08-10 21:54:06.653 [%PARSER_ERROR[Thread]] INFO  i.g.bonigarcia.wdm.WebDriverManager - Using chromedriver 114.0.5735.90 (resolved driver for Chrome 114)
2023-08-10 21:54:06.666 [%PARSER_ERROR[Thread]] INFO  i.g.bonigarcia.wdm.WebDriverManager - Exporting webdriver.chrome.driver as C:\Users\Francisca Valenzuela\.cache\selenium\chromedriver\win32\114.0.5735.90\chromedriver.exe
2023-08-10 21:56:46.493 [%PARSER_ERROR[Thread]] INFO  i.g.bonigarcia.wdm.WebDriverManager - Using chromedriver 114.0.5735.90 (resolved driver for Chrome 114)
2023-08-10 21:56:46.506 [%PARSER_ERROR[Thread]] INFO  i.g.bonigarcia.wdm.WebDriverManager - Exporting webdriver.chrome.driver as C:\Users\Francisca Valenzuela\.cache\selenium\chromedriver\win32\114.0.5735.90\chromedriver.exe
2023-08-10 22:14:02.167 [%PARSER_ERROR[Thread]] INFO  i.g.bonigarcia.wdm.WebDriverManager - Using chromedriver 114.0.5735.90 (resolved driver for Chrome 114)
2023-08-10 22:14:02.177 [%PARSER_ERROR[Thread]] INFO  i.g.bonigarcia.wdm.WebDriverManager - Exporting webdriver.chrome.driver as C:\Users\Francisca Valenzuela\.cache\selenium\chromedriver\win32\114.0.5735.90\chromedriver.exe
2023-08-11 00:08:00.848 [%PARSER_ERROR[Thread]] INFO  i.g.bonigarcia.wdm.WebDriverManager - Using chromedriver 114.0.5735.90 (resolved driver for Chrome 114)
2023-08-11 00:08:00.859 [%PARSER_ERROR[Thread]] INFO  i.g.bonigarcia.wdm.WebDriverManager - Exporting webdriver.chrome.driver as C:\Users\Francisca Valenzuela\.cache\selenium\chromedriver\win32\114.0.5735.90\chromedriver.exe
2023-08-11 00:14:03.534 [%PARSER_ERROR[Thread]] INFO  i.g.bonigarcia.wdm.WebDriverManager - Using chromedriver 114.0.5735.90 (resolved driver for Chrome 114)
2023-08-11 00:14:03.546 [%PARSER_ERROR[Thread]] INFO  i.g.bonigarcia.wdm.WebDriverManager - Exporting webdriver.chrome.driver as C:\Users\Francisca Valenzuela\.cache\selenium\chromedriver\win32\114.0.5735.90\chromedriver.exe
2023-08-11 00:17:06.876 [%PARSER_ERROR[Thread]] INFO  i.g.bonigarcia.wdm.WebDriverManager - Using chromedriver 114.0.5735.90 (resolved driver for Chrome 114)
2023-08-11 00:17:06.887 [%PARSER_ERROR[Thread]] INFO  i.g.bonigarcia.wdm.WebDriverManager - Exporting webdriver.chrome.driver as C:\Users\Francisca Valenzuela\.cache\selenium\chromedriver\win32\114.0.5735.90\chromedriver.exe
2023-08-11 00:17:34.764 [%PARSER_ERROR[Thread]] INFO  i.g.bonigarcia.wdm.WebDriverManager - Using chromedriver 114.0.5735.90 (resolved driver for Chrome 114)
2023-08-11 00:17:34.778 [%PARSER_ERROR[Thread]] INFO  i.g.bonigarcia.wdm.WebDriverManager - Exporting webdriver.chrome.driver as C:\Users\Francisca Valenzuela\.cache\selenium\chromedriver\win32\114.0.5735.90\chromedriver.exe
2023-08-11 09:54:16,010 [main] INFO  i.g.bonigarcia.wdm.WebDriverManager - Using chromedriver 114.0.5735.90 (resolved driver for Chrome 114)
2023-08-11 09:54:16,030 [main] INFO  i.g.bonigarcia.wdm.WebDriverManager - Exporting webdriver.chrome.driver as C:\Users\Francisca Valenzuela\.cache\selenium\chromedriver\win32\114.0.5735.90\chromedriver.exe
2023-08-11 09:55:11,320 [main] INFO  i.g.bonigarcia.wdm.WebDriverManager - Using chromedriver 114.0.5735.90 (resolved driver for Chrome 114)
2023-08-11 09:55:11,337 [main] INFO  i.g.bonigarcia.wdm.WebDriverManager - Exporting webdriver.chrome.driver as C:\Users\Francisca Valenzuela\.cache\selenium\chromedriver\win32\114.0.5735.90\chromedriver.exe
2023-08-11 09:56:01,626 [main] INFO  i.g.bonigarcia.wdm.WebDriverManager - Using chromedriver 114.0.5735.90 (resolved driver for Chrome 114)
2023-08-11 09:56:01,644 [main] INFO  i.g.bonigarcia.wdm.WebDriverManager - Exporting webdriver.chrome.driver as C:\Users\Francisca Valenzuela\.cache\selenium\chromedriver\win32\114.0.5735.90\chromedriver.exe
2023-08-11 09:56:42,616 [main] INFO  i.g.bonigarcia.wdm.WebDriverManager - Using chromedriver 114.0.5735.90 (resolved driver for Chrome 114)
2023-08-11 09:56:42,637 [main] INFO  i.g.bonigarcia.wdm.WebDriverManager - Exporting webdriver.chrome.driver as C:\Users\Francisca Valenzuela\.cache\selenium\chromedriver\win32\114.0.5735.90\chromedriver.exe
2023-08-11 09:59:06,625 [main] INFO  i.g.bonigarcia.wdm.WebDriverManager - Using chromedriver 114.0.5735.90 (resolved driver for Chrome 114)
2023-08-11 09:59:06,644 [main] INFO  i.g.bonigarcia.wdm.WebDriverManager - Exporting webdriver.chrome.driver as C:\Users\Francisca Valenzuela\.cache\selenium\chromedriver\win32\114.0.5735.90\chromedriver.exe
2023-08-11 13:45:47,307 [main] INFO  i.g.bonigarcia.wdm.WebDriverManager - Using chromedriver 114.0.5735.90 (resolved driver for Chrome 114)
2023-08-11 13:45:47,321 [main] INFO  i.g.bonigarcia.wdm.WebDriverManager - Exporting webdriver.chrome.driver as C:\Users\Francisca Valenzuela\.cache\selenium\chromedriver\win32\114.0.5735.90\chromedriver.exe
2023-08-11 13:56:46,717 [main] INFO  i.g.bonigarcia.wdm.WebDriverManager - Using chromedriver 114.0.5735.90 (resolved driver for Chrome 114)
2023-08-11 13:56:46,728 [main] INFO  i.g.bonigarcia.wdm.WebDriverManager - Exporting webdriver.chrome.driver as C:\Users\Francisca Valenzuela\.cache\selenium\chromedriver\win32\114.0.5735.90\chromedriver.exe
2023-08-11 14:31:00,059 [main] INFO  i.g.bonigarcia.wdm.WebDriverManager - Using chromedriver 114.0.5735.90 (resolved driver for Chrome 114)
2023-08-11 14:31:00,071 [main] INFO  i.g.bonigarcia.wdm.WebDriverManager - Exporting webdriver.chrome.driver as C:\Users\Francisca Valenzuela\.cache\selenium\chromedriver\win32\114.0.5735.90\chromedriver.exe
2023-08-11 14:35:53,152 [main] INFO  i.g.bonigarcia.wdm.WebDriverManager - Using chromedriver 114.0.5735.90 (resolved driver for Chrome 114)
2023-08-11 14:35:53,163 [main] INFO  i.g.bonigarcia.wdm.WebDriverManager - Exporting webdriver.chrome.driver as C:\Users\Francisca Valenzuela\.cache\selenium\chromedriver\win32\114.0.5735.90\chromedriver.exe
2023-08-11 15:11:38,852 [main] ERROR i.g.bonigarcia.wdm.online.HttpClient - Error HTTP 404 executing https://chromedriver.storage.googleapis.com/LATEST_RELEASE_115
2023-08-11 15:11:38,852 [main] WARN  i.g.b.wdm.versions.VersionDetector - Exception reading https://chromedriver.storage.googleapis.com/LATEST_RELEASE_115 to get latest version of chromedriver (Error HTTP 404 executing https://chromedriver.storage.googleapis.com/LATEST_RELEASE_115)
2023-08-11 15:11:38,924 [main] INFO  i.g.bonigarcia.wdm.WebDriverManager - Exporting webdriver.chrome.driver as C:\Users\Francisca Valenzuela\.cache\selenium\chromedriver\win32\114.0.5735.90\chromedriver.exe
2023-08-11 15:20:23,532 [main] ERROR i.g.bonigarcia.wdm.online.HttpClient - Error HTTP 404 executing https://chromedriver.storage.googleapis.com/LATEST_RELEASE_115
2023-08-11 15:20:23,539 [main] WARN  i.g.b.wdm.versions.VersionDetector - Exception reading https://chromedriver.storage.googleapis.com/LATEST_RELEASE_115 to get latest version of chromedriver (Error HTTP 404 executing https://chromedriver.storage.googleapis.com/LATEST_RELEASE_115)
2023-08-11 15:20:23,601 [main] INFO  i.g.bonigarcia.wdm.WebDriverManager - Exporting webdriver.chrome.driver as C:\Users\Francisca Valenzuela\.cache\selenium\chromedriver\win32\114.0.5735.90\chromedriver.exe
2023-08-11 15:24:47,716 [main] ERROR i.g.bonigarcia.wdm.online.HttpClient - Error HTTP 404 executing https://chromedriver.storage.googleapis.com/LATEST_RELEASE_115
2023-08-11 15:24:47,719 [main] WARN  i.g.b.wdm.versions.VersionDetector - Exception reading https://chromedriver.storage.googleapis.com/LATEST_RELEASE_115 to get latest version of chromedriver (Error HTTP 404 executing https://chromedriver.storage.googleapis.com/LATEST_RELEASE_115)
2023-08-11 15:24:47,777 [main] INFO  i.g.bonigarcia.wdm.WebDriverManager - Exporting webdriver.chrome.driver as C:\Users\Francisca Valenzuela\.cache\selenium\chromedriver\win32\114.0.5735.90\chromedriver.exe
2023-08-11 15:33:28,340 [main] ERROR i.g.bonigarcia.wdm.online.HttpClient - Error HTTP 404 executing https://chromedriver.storage.googleapis.com/LATEST_RELEASE_115
2023-08-11 15:33:28,343 [main] WARN  i.g.b.wdm.versions.VersionDetector - Exception reading https://chromedriver.storage.googleapis.com/LATEST_RELEASE_115 to get latest version of chromedriver (Error HTTP 404 executing https://chromedriver.storage.googleapis.com/LATEST_RELEASE_115)
2023-08-11 15:33:28,406 [main] INFO  i.g.bonigarcia.wdm.WebDriverManager - Exporting webdriver.chrome.driver as C:\Users\Francisca Valenzuela\.cache\selenium\chromedriver\win32\114.0.5735.90\chromedriver.exe
2023-08-11 15:49:08,212 [main] ERROR i.g.bonigarcia.wdm.online.HttpClient - Error HTTP 404 executing https://chromedriver.storage.googleapis.com/LATEST_RELEASE_115
2023-08-11 15:49:08,216 [main] WARN  i.g.b.wdm.versions.VersionDetector - Exception reading https://chromedriver.storage.googleapis.com/LATEST_RELEASE_115 to get latest version of chromedriver (Error HTTP 404 executing https://chromedriver.storage.googleapis.com/LATEST_RELEASE_115)
2023-08-11 15:49:08,332 [main] INFO  i.g.bonigarcia.wdm.WebDriverManager - Exporting webdriver.chrome.driver as C:\Users\Francisca Valenzuela\.cache\selenium\chromedriver\win32\114.0.5735.90\chromedriver.exe
2023-08-11 16:08:36,379 [main] ERROR i.g.bonigarcia.wdm.online.HttpClient - Error HTTP 404 executing https://chromedriver.storage.googleapis.com/LATEST_RELEASE_115
2023-08-11 16:08:36,385 [main] WARN  i.g.b.wdm.versions.VersionDetector - Exception reading https://chromedriver.storage.googleapis.com/LATEST_RELEASE_115 to get latest version of chromedriver (Error HTTP 404 executing https://chromedriver.storage.googleapis.com/LATEST_RELEASE_115)
2023-08-11 16:08:36,459 [main] INFO  i.g.bonigarcia.wdm.WebDriverManager - Exporting webdriver.chrome.driver as C:\Users\Francisca Valenzuela\.cache\selenium\chromedriver\win32\114.0.5735.90\chromedriver.exe
2023-08-11 16:14:17,538 [main] WARN  i.g.b.wdm.versions.VersionDetector - Error reading commands.properties, using local instead
2023-08-11 16:14:19,027 [main] WARN  i.g.b.wdm.versions.VersionDetector - Exception reading https://chromedriver.storage.googleapis.com/LATEST_RELEASE_115 to get latest version of chromedriver (Host desconocido (chromedriver.storage.googleapis.com))
2023-08-11 16:14:19,028 [main] WARN  i.g.b.wdm.versions.VersionDetector - Error reading versions.properties, using local instead
2023-08-11 16:14:19,033 [main] WARN  i.g.b.wdm.versions.VersionDetector - Exception reading https://chromedriver.storage.googleapis.com/LATEST_RELEASE to get latest version of chromedriver (chromedriver.storage.googleapis.com)
2023-08-11 16:14:19,034 [main] INFO  i.g.bonigarcia.wdm.WebDriverManager - Reading https://chromedriver.storage.googleapis.com/ to seek chromedriver
2023-08-11 16:14:19,035 [main] INFO  i.g.b.wdm.cache.ResolutionCache - Clearing WebDriverManager resolution cache
2023-08-11 16:14:19,042 [main] WARN  i.g.bonigarcia.wdm.WebDriverManager - There was an error managing chromedriver (latest version) (java.net.UnknownHostException: chromedriver.storage.googleapis.com) ... trying again avoiding reading release from repository
2023-08-11 16:14:20,513 [main] INFO  i.g.bonigarcia.wdm.WebDriverManager - Reading https://chromedriver.storage.googleapis.com/ to seek chromedriver
2023-08-11 16:14:20,515 [main] WARN  i.g.bonigarcia.wdm.WebDriverManager - There was an error managing chromedriver (latest version) (java.net.UnknownHostException: chromedriver.storage.googleapis.com) ... trying again using latest driver stored in cache
2023-08-11 16:14:20,518 [main] INFO  i.g.bonigarcia.wdm.WebDriverManager - Reading https://chromedriver.storage.googleapis.com/ to seek chromedriver
2023-08-11 16:14:20,521 [main] ERROR i.g.bonigarcia.wdm.WebDriverManager - There was an error managing chromedriver (latest version) (java.net.UnknownHostException: chromedriver.storage.googleapis.com)
io.github.bonigarcia.wdm.config.WebDriverManagerException: java.net.UnknownHostException: chromedriver.storage.googleapis.com
	at io.github.bonigarcia.wdm.WebDriverManager.getDriversFromXml(WebDriverManager.java:1286)
	at io.github.bonigarcia.wdm.managers.ChromeDriverManager.getDriverUrls(ChromeDriverManager.java:105)
	at io.github.bonigarcia.wdm.WebDriverManager.createUrlHandler(WebDriverManager.java:1161)
	at io.github.bonigarcia.wdm.WebDriverManager.download(WebDriverManager.java:1009)
	at io.github.bonigarcia.wdm.WebDriverManager.manage(WebDriverManager.java:927)
	at io.github.bonigarcia.wdm.WebDriverManager.fallback(WebDriverManager.java:1156)
	at io.github.bonigarcia.wdm.WebDriverManager.handleException(WebDriverManager.java:1137)
	at io.github.bonigarcia.wdm.WebDriverManager.manage(WebDriverManager.java:933)
	at io.github.bonigarcia.wdm.WebDriverManager.handleException(WebDriverManager.java:1130)
	at io.github.bonigarcia.wdm.WebDriverManager.manage(WebDriverManager.java:933)
	at io.github.bonigarcia.wdm.WebDriverManager.setup(WebDriverManager.java:337)
	at test.java.BaseTest.setUpDriver(BaseTest.java:95)
	at test.java.BaseTest.beforeMethod(BaseTest.java:62)
	at java.base/jdk.internal.reflect.NativeMethodAccessorImpl.invoke0(Native Method)
	at java.base/jdk.internal.reflect.NativeMethodAccessorImpl.invoke(NativeMethodAccessorImpl.java:62)
	at java.base/jdk.internal.reflect.DelegatingMethodAccessorImpl.invoke(DelegatingMethodAccessorImpl.java:43)
	at java.base/java.lang.reflect.Method.invoke(Method.java:566)
	at org.testng.internal.MethodInvocationHelper.invokeMethod(MethodInvocationHelper.java:133)
	at org.testng.internal.MethodInvocationHelper.invokeMethodConsideringTimeout(MethodInvocationHelper.java:62)
	at org.testng.internal.ConfigInvoker.invokeConfigurationMethod(ConfigInvoker.java:385)
	at org.testng.internal.ConfigInvoker.invokeConfigurations(ConfigInvoker.java:321)
	at org.testng.internal.TestInvoker.runConfigMethods(TestInvoker.java:700)
	at org.testng.internal.TestInvoker.invokeMethod(TestInvoker.java:527)
	at org.testng.internal.TestInvoker.invokeTestMethod(TestInvoker.java:173)
	at org.testng.internal.MethodRunner.runInSequence(MethodRunner.java:46)
	at org.testng.internal.TestInvoker$MethodInvocationAgent.invoke(TestInvoker.java:824)
	at org.testng.internal.TestInvoker.invokeTestMethods(TestInvoker.java:146)
	at org.testng.internal.TestMethodWorker.invokeTestMethods(TestMethodWorker.java:146)
	at org.testng.internal.TestMethodWorker.run(TestMethodWorker.java:128)
	at java.base/java.util.ArrayList.forEach(ArrayList.java:1541)
	at org.testng.TestRunner.privateRun(TestRunner.java:794)
	at org.testng.TestRunner.run(TestRunner.java:596)
	at org.testng.SuiteRunner.runTest(SuiteRunner.java:377)
	at org.testng.SuiteRunner.runSequentially(SuiteRunner.java:371)
	at org.testng.SuiteRunner.privateRun(SuiteRunner.java:332)
	at org.testng.SuiteRunner.run(SuiteRunner.java:276)
	at org.testng.SuiteRunnerWorker.runSuite(SuiteRunnerWorker.java:53)
	at org.testng.SuiteRunnerWorker.run(SuiteRunnerWorker.java:96)
	at org.testng.TestNG.runSuitesSequentially(TestNG.java:1212)
	at org.testng.TestNG.runSuitesLocally(TestNG.java:1134)
	at org.testng.TestNG.runSuites(TestNG.java:1063)
	at org.testng.TestNG.run(TestNG.java:1031)
	at org.apache.maven.surefire.testng.TestNGExecutor.run(TestNGExecutor.java:281)
	at org.apache.maven.surefire.testng.TestNGXmlTestSuite.execute(TestNGXmlTestSuite.java:75)
	at org.apache.maven.surefire.testng.TestNGProvider.invoke(TestNGProvider.java:121)
	at org.apache.maven.surefire.booter.ForkedBooter.invokeProviderInSameClassLoader(ForkedBooter.java:290)
	at org.apache.maven.surefire.booter.ForkedBooter.runSuitesInProcess(ForkedBooter.java:242)
	at org.apache.maven.surefire.booter.ForkedBooter.main(ForkedBooter.java:121)
Caused by: java.net.UnknownHostException: chromedriver.storage.googleapis.com
	at java.base/java.net.InetAddress$CachedAddresses.get(InetAddress.java:797)
	at java.base/java.net.InetAddress.getAllByName0(InetAddress.java:1520)
	at java.base/java.net.InetAddress.getAllByName(InetAddress.java:1378)
	at java.base/java.net.InetAddress.getAllByName(InetAddress.java:1302)
	at org.apache.hc.client5.http.SystemDefaultDnsResolver.resolve(SystemDefaultDnsResolver.java:43)
	at org.apache.hc.client5.http.impl.io.DefaultHttpClientConnectionOperator.connect(DefaultHttpClientConnectionOperator.java:118)
	at org.apache.hc.client5.http.impl.io.PoolingHttpClientConnectionManager.connect(PoolingHttpClientConnectionManager.java:409)
	at org.apache.hc.client5.http.impl.classic.InternalExecRuntime.connectEndpoint(InternalExecRuntime.java:164)
	at org.apache.hc.client5.http.impl.classic.InternalExecRuntime.connectEndpoint(InternalExecRuntime.java:174)
	at org.apache.hc.client5.http.impl.classic.ConnectExec.execute(ConnectExec.java:135)
	at org.apache.hc.client5.http.impl.classic.ExecChainElement.execute(ExecChainElement.java:51)
	at org.apache.hc.client5.http.impl.classic.ExecChainElement$1.proceed(ExecChainElement.java:57)
	at org.apache.hc.client5.http.impl.classic.ProtocolExec.execute(ProtocolExec.java:172)
	at org.apache.hc.client5.http.impl.classic.ExecChainElement.execute(ExecChainElement.java:51)
	at org.apache.hc.client5.http.impl.classic.ExecChainElement$1.proceed(ExecChainElement.java:57)
	at org.apache.hc.client5.http.impl.classic.HttpRequestRetryExec.execute(HttpRequestRetryExec.java:93)
	at org.apache.hc.client5.http.impl.classic.ExecChainElement.execute(ExecChainElement.java:51)
	at org.apache.hc.client5.http.impl.classic.ExecChainElement$1.proceed(ExecChainElement.java:57)
	at org.apache.hc.client5.http.impl.classic.ContentCompressionExec.execute(ContentCompressionExec.java:128)
	at org.apache.hc.client5.http.impl.classic.ExecChainElement.execute(ExecChainElement.java:51)
	at org.apache.hc.client5.http.impl.classic.ExecChainElement$1.proceed(ExecChainElement.java:57)
	at org.apache.hc.client5.http.impl.classic.RedirectExec.execute(RedirectExec.java:116)
	at org.apache.hc.client5.http.impl.classic.ExecChainElement.execute(ExecChainElement.java:51)
	at org.apache.hc.client5.http.impl.classic.InternalHttpClient.doExecute(InternalHttpClient.java:178)
	at org.apache.hc.client5.http.impl.classic.CloseableHttpClient.execute(CloseableHttpClient.java:75)
	at org.apache.hc.client5.http.impl.classic.CloseableHttpClient.execute(CloseableHttpClient.java:89)
	at io.github.bonigarcia.wdm.online.HttpClient.execute(HttpClient.java:158)
	at io.github.bonigarcia.wdm.WebDriverManager.getDriversFromXml(WebDriverManager.java:1271)
	... 47 common frames omitted
2023-08-11 16:15:05,851 [main] ERROR i.g.bonigarcia.wdm.online.HttpClient - Error HTTP 404 executing https://chromedriver.storage.googleapis.com/LATEST_RELEASE_115
2023-08-11 16:15:05,853 [main] WARN  i.g.b.wdm.versions.VersionDetector - Exception reading https://chromedriver.storage.googleapis.com/LATEST_RELEASE_115 to get latest version of chromedriver (Error HTTP 404 executing https://chromedriver.storage.googleapis.com/LATEST_RELEASE_115)
2023-08-11 16:15:05,943 [main] INFO  i.g.bonigarcia.wdm.WebDriverManager - Exporting webdriver.chrome.driver as C:\Users\Francisca Valenzuela\.cache\selenium\chromedriver\win32\114.0.5735.90\chromedriver.exe
2023-08-11 16:16:42,870 [main] ERROR i.g.bonigarcia.wdm.online.HttpClient - Error HTTP 404 executing https://chromedriver.storage.googleapis.com/LATEST_RELEASE_115
2023-08-11 16:16:42,872 [main] WARN  i.g.b.wdm.versions.VersionDetector - Exception reading https://chromedriver.storage.googleapis.com/LATEST_RELEASE_115 to get latest version of chromedriver (Error HTTP 404 executing https://chromedriver.storage.googleapis.com/LATEST_RELEASE_115)
2023-08-11 16:16:43,153 [main] INFO  i.g.bonigarcia.wdm.WebDriverManager - Exporting webdriver.chrome.driver as C:\Users\Francisca Valenzuela\.cache\selenium\chromedriver\win32\114.0.5735.90\chromedriver.exe
2023-08-11 16:26:03,018 [main] ERROR i.g.bonigarcia.wdm.online.HttpClient - Error HTTP 404 executing https://chromedriver.storage.googleapis.com/LATEST_RELEASE_115
2023-08-11 16:26:03,022 [main] WARN  i.g.b.wdm.versions.VersionDetector - Exception reading https://chromedriver.storage.googleapis.com/LATEST_RELEASE_115 to get latest version of chromedriver (Error HTTP 404 executing https://chromedriver.storage.googleapis.com/LATEST_RELEASE_115)
2023-08-11 16:26:03,412 [main] INFO  o.a.h.c.h.i.c.HttpRequestRetryExec - Recoverable I/O exception (java.net.SocketException) caught when processing request to {s}->https://raw.githubusercontent.com:443
2023-08-11 16:26:03,544 [main] INFO  i.g.bonigarcia.wdm.WebDriverManager - Exporting webdriver.chrome.driver as C:\Users\Francisca Valenzuela\.cache\selenium\chromedriver\win32\114.0.5735.90\chromedriver.exe
2023-08-11 16:27:25,762 [main] ERROR i.g.bonigarcia.wdm.online.HttpClient - Error HTTP 404 executing https://chromedriver.storage.googleapis.com/LATEST_RELEASE_115
2023-08-11 16:27:25,766 [main] WARN  i.g.b.wdm.versions.VersionDetector - Exception reading https://chromedriver.storage.googleapis.com/LATEST_RELEASE_115 to get latest version of chromedriver (Error HTTP 404 executing https://chromedriver.storage.googleapis.com/LATEST_RELEASE_115)
2023-08-11 16:27:26,145 [main] INFO  i.g.bonigarcia.wdm.WebDriverManager - Exporting webdriver.chrome.driver as C:\Users\Francisca Valenzuela\.cache\selenium\chromedriver\win32\114.0.5735.90\chromedriver.exe
2023-08-11 16:30:21,667 [main] ERROR i.g.bonigarcia.wdm.online.HttpClient - Error HTTP 404 executing https://chromedriver.storage.googleapis.com/LATEST_RELEASE_115
2023-08-11 16:30:21,673 [main] WARN  i.g.b.wdm.versions.VersionDetector - Exception reading https://chromedriver.storage.googleapis.com/LATEST_RELEASE_115 to get latest version of chromedriver (Error HTTP 404 executing https://chromedriver.storage.googleapis.com/LATEST_RELEASE_115)
2023-08-11 16:30:21,746 [main] INFO  i.g.bonigarcia.wdm.WebDriverManager - Exporting webdriver.chrome.driver as C:\Users\Francisca Valenzuela\.cache\selenium\chromedriver\win32\114.0.5735.90\chromedriver.exe
2023-08-11 16:33:30,696 [main] ERROR i.g.bonigarcia.wdm.online.HttpClient - Error HTTP 404 executing https://chromedriver.storage.googleapis.com/LATEST_RELEASE_115
2023-08-11 16:33:30,700 [main] WARN  i.g.b.wdm.versions.VersionDetector - Exception reading https://chromedriver.storage.googleapis.com/LATEST_RELEASE_115 to get latest version of chromedriver (Error HTTP 404 executing https://chromedriver.storage.googleapis.com/LATEST_RELEASE_115)
2023-08-11 16:33:30,763 [main] INFO  i.g.bonigarcia.wdm.WebDriverManager - Exporting webdriver.chrome.driver as C:\Users\Francisca Valenzuela\.cache\selenium\chromedriver\win32\114.0.5735.90\chromedriver.exe
2023-08-11 16:34:34,967 [main] ERROR i.g.bonigarcia.wdm.online.HttpClient - Error HTTP 404 executing https://chromedriver.storage.googleapis.com/LATEST_RELEASE_115
2023-08-11 16:34:34,970 [main] WARN  i.g.b.wdm.versions.VersionDetector - Exception reading https://chromedriver.storage.googleapis.com/LATEST_RELEASE_115 to get latest version of chromedriver (Error HTTP 404 executing https://chromedriver.storage.googleapis.com/LATEST_RELEASE_115)
2023-08-11 16:34:35,032 [main] INFO  i.g.bonigarcia.wdm.WebDriverManager - Exporting webdriver.chrome.driver as C:\Users\Francisca Valenzuela\.cache\selenium\chromedriver\win32\114.0.5735.90\chromedriver.exe
2023-08-11 16:36:13,372 [main] ERROR i.g.bonigarcia.wdm.online.HttpClient - Error HTTP 404 executing https://chromedriver.storage.googleapis.com/LATEST_RELEASE_115
2023-08-11 16:36:13,375 [main] WARN  i.g.b.wdm.versions.VersionDetector - Exception reading https://chromedriver.storage.googleapis.com/LATEST_RELEASE_115 to get latest version of chromedriver (Error HTTP 404 executing https://chromedriver.storage.googleapis.com/LATEST_RELEASE_115)
2023-08-11 16:36:13,445 [main] INFO  i.g.bonigarcia.wdm.WebDriverManager - Exporting webdriver.chrome.driver as C:\Users\Francisca Valenzuela\.cache\selenium\chromedriver\win32\114.0.5735.90\chromedriver.exe
2023-08-11 16:39:34,553 [main] ERROR i.g.bonigarcia.wdm.online.HttpClient - Error HTTP 404 executing https://chromedriver.storage.googleapis.com/LATEST_RELEASE_115
2023-08-11 16:39:34,556 [main] WARN  i.g.b.wdm.versions.VersionDetector - Exception reading https://chromedriver.storage.googleapis.com/LATEST_RELEASE_115 to get latest version of chromedriver (Error HTTP 404 executing https://chromedriver.storage.googleapis.com/LATEST_RELEASE_115)
2023-08-11 16:39:34,613 [main] INFO  i.g.bonigarcia.wdm.WebDriverManager - Exporting webdriver.chrome.driver as C:\Users\Francisca Valenzuela\.cache\selenium\chromedriver\win32\114.0.5735.90\chromedriver.exe
2023-08-11 16:51:53,464 [main] ERROR i.g.bonigarcia.wdm.online.HttpClient - Error HTTP 404 executing https://chromedriver.storage.googleapis.com/LATEST_RELEASE_115
2023-08-11 16:51:53,467 [main] WARN  i.g.b.wdm.versions.VersionDetector - Exception reading https://chromedriver.storage.googleapis.com/LATEST_RELEASE_115 to get latest version of chromedriver (Error HTTP 404 executing https://chromedriver.storage.googleapis.com/LATEST_RELEASE_115)
2023-08-11 16:51:53,596 [main] INFO  i.g.bonigarcia.wdm.WebDriverManager - Exporting webdriver.chrome.driver as C:\Users\Francisca Valenzuela\.cache\selenium\chromedriver\win32\114.0.5735.90\chromedriver.exe
2023-08-11 16:53:42,014 [main] ERROR i.g.bonigarcia.wdm.online.HttpClient - Error HTTP 404 executing https://chromedriver.storage.googleapis.com/LATEST_RELEASE_115
2023-08-11 16:53:42,017 [main] WARN  i.g.b.wdm.versions.VersionDetector - Exception reading https://chromedriver.storage.googleapis.com/LATEST_RELEASE_115 to get latest version of chromedriver (Error HTTP 404 executing https://chromedriver.storage.googleapis.com/LATEST_RELEASE_115)
2023-08-11 16:53:42,369 [main] INFO  i.g.bonigarcia.wdm.WebDriverManager - Exporting webdriver.chrome.driver as C:\Users\Francisca Valenzuela\.cache\selenium\chromedriver\win32\114.0.5735.90\chromedriver.exe
2023-08-11 17:04:49,710 [main] ERROR i.g.bonigarcia.wdm.online.HttpClient - Error HTTP 404 executing https://chromedriver.storage.googleapis.com/LATEST_RELEASE_115
2023-08-11 17:04:49,715 [main] WARN  i.g.b.wdm.versions.VersionDetector - Exception reading https://chromedriver.storage.googleapis.com/LATEST_RELEASE_115 to get latest version of chromedriver (Error HTTP 404 executing https://chromedriver.storage.googleapis.com/LATEST_RELEASE_115)
2023-08-11 17:04:49,787 [main] INFO  i.g.bonigarcia.wdm.WebDriverManager - Exporting webdriver.chrome.driver as C:\Users\Francisca Valenzuela\.cache\selenium\chromedriver\win32\114.0.5735.90\chromedriver.exe
2023-08-11 17:09:06,258 [main] ERROR i.g.bonigarcia.wdm.online.HttpClient - Error HTTP 404 executing https://chromedriver.storage.googleapis.com/LATEST_RELEASE_115
2023-08-11 17:09:06,262 [main] WARN  i.g.b.wdm.versions.VersionDetector - Exception reading https://chromedriver.storage.googleapis.com/LATEST_RELEASE_115 to get latest version of chromedriver (Error HTTP 404 executing https://chromedriver.storage.googleapis.com/LATEST_RELEASE_115)
2023-08-11 17:09:06,486 [main] INFO  i.g.bonigarcia.wdm.WebDriverManager - Exporting webdriver.chrome.driver as C:\Users\Francisca Valenzuela\.cache\selenium\chromedriver\win32\114.0.5735.90\chromedriver.exe
2023-08-11 17:11:32,136 [main] ERROR i.g.bonigarcia.wdm.online.HttpClient - Error HTTP 404 executing https://chromedriver.storage.googleapis.com/LATEST_RELEASE_115
2023-08-11 17:11:32,137 [main] WARN  i.g.b.wdm.versions.VersionDetector - Exception reading https://chromedriver.storage.googleapis.com/LATEST_RELEASE_115 to get latest version of chromedriver (Error HTTP 404 executing https://chromedriver.storage.googleapis.com/LATEST_RELEASE_115)
2023-08-11 17:11:32,189 [main] INFO  i.g.bonigarcia.wdm.WebDriverManager - Exporting webdriver.chrome.driver as C:\Users\Francisca Valenzuela\.cache\selenium\chromedriver\win32\114.0.5735.90\chromedriver.exe
2023-08-11 17:15:41,218 [main] ERROR i.g.bonigarcia.wdm.online.HttpClient - Error HTTP 404 executing https://chromedriver.storage.googleapis.com/LATEST_RELEASE_115
2023-08-11 17:15:41,220 [main] WARN  i.g.b.wdm.versions.VersionDetector - Exception reading https://chromedriver.storage.googleapis.com/LATEST_RELEASE_115 to get latest version of chromedriver (Error HTTP 404 executing https://chromedriver.storage.googleapis.com/LATEST_RELEASE_115)
2023-08-11 17:15:41,431 [main] INFO  i.g.bonigarcia.wdm.WebDriverManager - Exporting webdriver.chrome.driver as C:\Users\Francisca Valenzuela\.cache\selenium\chromedriver\win32\114.0.5735.90\chromedriver.exe
2023-08-11 17:17:41,726 [main] ERROR i.g.bonigarcia.wdm.online.HttpClient - Error HTTP 404 executing https://chromedriver.storage.googleapis.com/LATEST_RELEASE_115
2023-08-11 17:17:41,729 [main] WARN  i.g.b.wdm.versions.VersionDetector - Exception reading https://chromedriver.storage.googleapis.com/LATEST_RELEASE_115 to get latest version of chromedriver (Error HTTP 404 executing https://chromedriver.storage.googleapis.com/LATEST_RELEASE_115)
2023-08-11 17:17:41,784 [main] INFO  i.g.bonigarcia.wdm.WebDriverManager - Exporting webdriver.chrome.driver as C:\Users\Francisca Valenzuela\.cache\selenium\chromedriver\win32\114.0.5735.90\chromedriver.exe
2023-08-11 17:18:44,062 [main] ERROR i.g.bonigarcia.wdm.online.HttpClient - Error HTTP 404 executing https://chromedriver.storage.googleapis.com/LATEST_RELEASE_115
2023-08-11 17:18:44,064 [main] WARN  i.g.b.wdm.versions.VersionDetector - Exception reading https://chromedriver.storage.googleapis.com/LATEST_RELEASE_115 to get latest version of chromedriver (Error HTTP 404 executing https://chromedriver.storage.googleapis.com/LATEST_RELEASE_115)
2023-08-11 17:18:44,115 [main] INFO  i.g.bonigarcia.wdm.WebDriverManager - Exporting webdriver.chrome.driver as C:\Users\Francisca Valenzuela\.cache\selenium\chromedriver\win32\114.0.5735.90\chromedriver.exe
2023-08-11 17:19:41,411 [main] ERROR i.g.bonigarcia.wdm.online.HttpClient - Error HTTP 404 executing https://chromedriver.storage.googleapis.com/LATEST_RELEASE_115
2023-08-11 17:19:41,415 [main] WARN  i.g.b.wdm.versions.VersionDetector - Exception reading https://chromedriver.storage.googleapis.com/LATEST_RELEASE_115 to get latest version of chromedriver (Error HTTP 404 executing https://chromedriver.storage.googleapis.com/LATEST_RELEASE_115)
2023-08-11 17:19:41,468 [main] INFO  i.g.bonigarcia.wdm.WebDriverManager - Exporting webdriver.chrome.driver as C:\Users\Francisca Valenzuela\.cache\selenium\chromedriver\win32\114.0.5735.90\chromedriver.exe
2023-08-11 17:25:02,174 [main] ERROR i.g.bonigarcia.wdm.online.HttpClient - Error HTTP 404 executing https://chromedriver.storage.googleapis.com/LATEST_RELEASE_115
2023-08-11 17:25:02,176 [main] WARN  i.g.b.wdm.versions.VersionDetector - Exception reading https://chromedriver.storage.googleapis.com/LATEST_RELEASE_115 to get latest version of chromedriver (Error HTTP 404 executing https://chromedriver.storage.googleapis.com/LATEST_RELEASE_115)
2023-08-11 17:25:02,231 [main] INFO  i.g.bonigarcia.wdm.WebDriverManager - Exporting webdriver.chrome.driver as C:\Users\Francisca Valenzuela\.cache\selenium\chromedriver\win32\114.0.5735.90\chromedriver.exe
2023-08-11 17:36:01,853 [main] ERROR i.g.bonigarcia.wdm.online.HttpClient - Error HTTP 404 executing https://chromedriver.storage.googleapis.com/LATEST_RELEASE_115
2023-08-11 17:36:01,856 [main] WARN  i.g.b.wdm.versions.VersionDetector - Exception reading https://chromedriver.storage.googleapis.com/LATEST_RELEASE_115 to get latest version of chromedriver (Error HTTP 404 executing https://chromedriver.storage.googleapis.com/LATEST_RELEASE_115)
2023-08-11 17:36:01,910 [main] INFO  i.g.bonigarcia.wdm.WebDriverManager - Exporting webdriver.chrome.driver as C:\Users\Francisca Valenzuela\.cache\selenium\chromedriver\win32\114.0.5735.90\chromedriver.exe
2023-08-11 17:37:15,833 [main] ERROR i.g.bonigarcia.wdm.online.HttpClient - Error HTTP 404 executing https://chromedriver.storage.googleapis.com/LATEST_RELEASE_115
2023-08-11 17:37:15,837 [main] WARN  i.g.b.wdm.versions.VersionDetector - Exception reading https://chromedriver.storage.googleapis.com/LATEST_RELEASE_115 to get latest version of chromedriver (Error HTTP 404 executing https://chromedriver.storage.googleapis.com/LATEST_RELEASE_115)
2023-08-11 17:37:15,900 [main] INFO  i.g.bonigarcia.wdm.WebDriverManager - Exporting webdriver.chrome.driver as C:\Users\Francisca Valenzuela\.cache\selenium\chromedriver\win32\114.0.5735.90\chromedriver.exe
2023-08-11 17:39:09,217 [main] ERROR i.g.bonigarcia.wdm.online.HttpClient - Error HTTP 404 executing https://chromedriver.storage.googleapis.com/LATEST_RELEASE_115
2023-08-11 17:39:09,220 [main] WARN  i.g.b.wdm.versions.VersionDetector - Exception reading https://chromedriver.storage.googleapis.com/LATEST_RELEASE_115 to get latest version of chromedriver (Error HTTP 404 executing https://chromedriver.storage.googleapis.com/LATEST_RELEASE_115)
2023-08-11 17:39:09,268 [main] INFO  i.g.bonigarcia.wdm.WebDriverManager - Exporting webdriver.chrome.driver as C:\Users\Francisca Valenzuela\.cache\selenium\chromedriver\win32\114.0.5735.90\chromedriver.exe
2023-08-11 17:40:04,134 [main] ERROR i.g.bonigarcia.wdm.online.HttpClient - Error HTTP 404 executing https://chromedriver.storage.googleapis.com/LATEST_RELEASE_115
2023-08-11 17:40:04,137 [main] WARN  i.g.b.wdm.versions.VersionDetector - Exception reading https://chromedriver.storage.googleapis.com/LATEST_RELEASE_115 to get latest version of chromedriver (Error HTTP 404 executing https://chromedriver.storage.googleapis.com/LATEST_RELEASE_115)
2023-08-11 17:40:04,328 [main] INFO  i.g.bonigarcia.wdm.WebDriverManager - Exporting webdriver.chrome.driver as C:\Users\Francisca Valenzuela\.cache\selenium\chromedriver\win32\114.0.5735.90\chromedriver.exe
2023-08-11 17:40:54,618 [main] ERROR i.g.bonigarcia.wdm.online.HttpClient - Error HTTP 404 executing https://chromedriver.storage.googleapis.com/LATEST_RELEASE_115
2023-08-11 17:40:54,622 [main] WARN  i.g.b.wdm.versions.VersionDetector - Exception reading https://chromedriver.storage.googleapis.com/LATEST_RELEASE_115 to get latest version of chromedriver (Error HTTP 404 executing https://chromedriver.storage.googleapis.com/LATEST_RELEASE_115)
2023-08-11 17:40:54,675 [main] INFO  i.g.bonigarcia.wdm.WebDriverManager - Exporting webdriver.chrome.driver as C:\Users\Francisca Valenzuela\.cache\selenium\chromedriver\win32\114.0.5735.90\chromedriver.exe
